[13-Apr-2026 21:18:00 UTC] PHP Fatal error:  Out of memory (allocated 31457280 bytes) (tried to allocate 2097152 bytes) in /workspaces/_______UX-221-Final-exam____/.wordpress/wp-admin/includes/ajax-actions.php on line 4587
[13-Apr-2026 21:18:14 UTC] PHP Fatal error:  Out of memory (allocated 31457280 bytes) (tried to allocate 2097152 bytes) in /workspaces/_______UX-221-Final-exam____/.wordpress/wp-admin/includes/ajax-actions.php on line 4587
[13-Apr-2026 21:18:35 UTC] PHP Fatal error:  Out of memory (allocated 31457280 bytes) (tried to allocate 2097152 bytes) in /workspaces/_______UX-221-Final-exam____/.wordpress/wp-admin/includes/ajax-actions.php on line 4587
[13-Apr-2026 21:18:53 UTC] PHP Fatal error:  Out of memory (allocated 31457280 bytes) (tried to allocate 2097152 bytes) in /workspaces/_______UX-221-Final-exam____/.wordpress/wp-admin/includes/ajax-actions.php on line 4587
[13-Apr-2026 21:19:07 UTC] PHP Fatal error:  Out of memory (allocated 31457280 bytes) (tried to allocate 2097152 bytes) in /workspaces/_______UX-221-Final-exam____/.wordpress/wp-admin/includes/ajax-actions.php on line 4587
[13-Apr-2026 21:20:00 UTC] PHP Fatal error:  Out of memory (allocated 31457280 bytes) (tried to allocate 2097152 bytes) in /workspaces/_______UX-221-Final-exam____/.wordpress/wp-admin/includes/ajax-actions.php on line 4587
[13-Apr-2026 21:20:14 UTC] PHP Fatal error:  Out of memory (allocated 31457280 bytes) (tried to allocate 2097152 bytes) in /workspaces/_______UX-221-Final-exam____/.wordpress/wp-admin/includes/ajax-actions.php on line 4587
[13-Apr-2026 21:20:35 UTC] PHP Fatal error:  Out of memory (allocated 31457280 bytes) (tried to allocate 2097152 bytes) in /workspaces/_______UX-221-Final-exam____/.wordpress/wp-admin/includes/ajax-actions.php on line 4587
[13-Apr-2026 21:20:53 UTC] PHP Fatal error:  Out of memory (allocated 31457280 bytes) (tried to allocate 2097152 bytes) in /workspaces/_______UX-221-Final-exam____/.wordpress/wp-admin/includes/ajax-actions.php on line 4587
[13-Apr-2026 21:21:07 UTC] PHP Fatal error:  Out of memory (allocated 31457280 bytes) (tried to allocate 2097152 bytes) in /workspaces/_______UX-221-Final-exam____/.wordpress/wp-admin/includes/ajax-actions.php on line 4587
[13-Apr-2026 21:22:00 UTC] PHP Fatal error:  Out of memory (allocated 31457280 bytes) (tried to allocate 2097152 bytes) in /workspaces/_______UX-221-Final-exam____/.wordpress/wp-admin/includes/ajax-actions.php on line 4587
[13-Apr-2026 21:22:14 UTC] PHP Fatal error:  Out of memory (allocated 31457280 bytes) (tried to allocate 2097152 bytes) in /workspaces/_______UX-221-Final-exam____/.wordpress/wp-admin/includes/ajax-actions.php on line 4587
[13-Apr-2026 21:22:35 UTC] PHP Fatal error:  Out of memory (allocated 31457280 bytes) (tried to allocate 2097152 bytes) in /workspaces/_______UX-221-Final-exam____/.wordpress/wp-admin/includes/ajax-actions.php on line 4587
[13-Apr-2026 21:22:54 UTC] PHP Fatal error:  Out of memory (allocated 31457280 bytes) (tried to allocate 2097152 bytes) in /workspaces/_______UX-221-Final-exam____/.wordpress/wp-admin/includes/ajax-actions.php on line 4587
[13-Apr-2026 21:23:07 UTC] PHP Fatal error:  Out of memory (allocated 31457280 bytes) (tried to allocate 2097152 bytes) in /workspaces/_______UX-221-Final-exam____/.wordpress/wp-admin/includes/ajax-actions.php on line 4587
[13-Apr-2026 21:24:00 UTC] PHP Fatal error:  Out of memory (allocated 31457280 bytes) (tried to allocate 2097152 bytes) in /workspaces/_______UX-221-Final-exam____/.wordpress/wp-admin/includes/ajax-actions.php on line 4587
[13-Apr-2026 21:24:14 UTC] PHP Fatal error:  Out of memory (allocated 31457280 bytes) (tried to allocate 2097152 bytes) in /workspaces/_______UX-221-Final-exam____/.wordpress/wp-admin/includes/ajax-actions.php on line 4587
[13-Apr-2026 21:24:22 UTC] PHP Fatal error:  Out of memory (allocated 31457280 bytes) (tried to allocate 2097152 bytes) in /workspaces/_______UX-221-Final-exam____/.wordpress/wp-admin/includes/ajax-actions.php on line 4587
[13-Apr-2026 21:24:35 UTC] PHP Fatal error:  Out of memory (allocated 31457280 bytes) (tried to allocate 2097152 bytes) in /workspaces/_______UX-221-Final-exam____/.wordpress/wp-admin/includes/ajax-actions.php on line 4587
[13-Apr-2026 21:25:07 UTC] PHP Fatal error:  Out of memory (allocated 31457280 bytes) (tried to allocate 2097152 bytes) in /workspaces/_______UX-221-Final-exam____/.wordpress/wp-admin/includes/ajax-actions.php on line 4587
[13-Apr-2026 21:25:17 UTC] PHP Fatal error:  Out of memory (allocated 31457280 bytes) (tried to allocate 2097152 bytes) in /workspaces/_______UX-221-Final-exam____/.wordpress/wp-admin/includes/ajax-actions.php on line 4587
[13-Apr-2026 21:25:22 UTC] PHP Fatal error:  Out of memory (allocated 31457280 bytes) (tried to allocate 2097152 bytes) in /workspaces/_______UX-221-Final-exam____/.wordpress/wp-admin/includes/ajax-actions.php on line 4587
[13-Apr-2026 21:25:25 UTC] PHP Fatal error:  Out of memory (allocated 31457280 bytes) (tried to allocate 2097152 bytes) in /workspaces/_______UX-221-Final-exam____/.wordpress/wp-includes/class-wp-admin-bar.php on line 231
[13-Apr-2026 21:25:28 UTC] PHP Fatal error:  Out of memory (allocated 31457280 bytes) (tried to allocate 2097152 bytes) in /workspaces/_______UX-221-Final-exam____/.wordpress/wp-includes/class-wp-admin-bar.php on line 231
[13-Apr-2026 21:25:32 UTC] PHP Fatal error:  Out of memory (allocated 31457280 bytes) (tried to allocate 2097152 bytes) in /workspaces/_______UX-221-Final-exam____/.wordpress/wp-includes/class-wp-admin-bar.php on line 659
[13-Apr-2026 22:13:11 UTC] PHP Warning:  Undefined variable $parent_theme_name in /workspaces/_______UX-221-Final-exam____/.wordpress/wp-content/mu-plugins/one-click-child-theme/templates/create_child_form.php on line 18
[14-Apr-2026 00:21:57 UTC] PHP Fatal error:  Out of memory (allocated 41943040 bytes) (tried to allocate 114688 bytes) in /workspaces/_______UX-221-Final-exam____/.wordpress/wp-includes/media-template.php on line 1225
[14-Apr-2026 00:21:59 UTC] PHP Fatal error:  Out of memory (allocated 37748736 bytes) (tried to allocate 2097152 bytes) in /workspaces/_______UX-221-Final-exam____/.wordpress/wp-content/plugins/ecommerce-product-catalog/includes/class-ic-sitewide-bar.php on line 305
[14-Apr-2026 00:21:59 UTC] PHP Fatal error:  Out of memory (allocated 37748736 bytes) (tried to allocate 2097152 bytes) in /workspaces/_______UX-221-Final-exam____/.wordpress/wp-includes/sodium_compat/src/Core/Util.php on line 12
[14-Apr-2026 00:22:05 UTC] PHP Fatal error:  Out of memory (allocated 33554432 bytes) (tried to allocate 2097152 bytes) in /workspaces/_______UX-221-Final-exam____/.wordpress/wp-content/plugins/ecommerce-product-catalog/includes/blocks/index.php on line 36
[14-Apr-2026 00:22:05 UTC] PHP Fatal error:  Out of memory (allocated 33554432 bytes) (tried to allocate 2097152 bytes) in /workspaces/_______UX-221-Final-exam____/.wordpress/wp-includes/Requests/src/Cookie/Jar.php on line 32
[14-Apr-2026 00:22:09 UTC] PHP Fatal error:  Out of memory (allocated 31457280 bytes) (tried to allocate 2097152 bytes) in /workspaces/_______UX-221-Final-exam____/.wordpress/wp-content/plugins/ecommerce-product-catalog/includes/class-ic-sitewide-bar.php on line 305
[14-Apr-2026 00:22:09 UTC] PHP Fatal error:  Out of memory (allocated 31457280 bytes) (tried to allocate 2097152 bytes) in /workspaces/_______UX-221-Final-exam____/.wordpress/wp-includes/Requests/src/Cookie/Jar.php on line 32
[14-Apr-2026 00:22:09 UTC] PHP Fatal error:  Out of memory (allocated 29360128 bytes) (tried to allocate 2097152 bytes) in /workspaces/_______UX-221-Final-exam____/.wordpress/wp-content/plugins/ecommerce-product-catalog/includes/blocks/index.php on line 36
[14-Apr-2026 00:22:09 UTC] PHP Fatal error:  Out of memory (allocated 29360128 bytes) (tried to allocate 2097152 bytes) in /workspaces/_______UX-221-Final-exam____/.wordpress/wp-includes/Requests/src/Cookie/Jar.php on line 32
[14-Apr-2026 00:22:12 UTC] PHP Fatal error:  Out of memory (allocated 29360128 bytes) (tried to allocate 2097152 bytes) in /workspaces/_______UX-221-Final-exam____/.wordpress/wp-content/plugins/ecommerce-product-catalog/includes/class-ic-sitewide-bar.php on line 305
[14-Apr-2026 00:22:12 UTC] PHP Fatal error:  Out of memory (allocated 29360128 bytes) (tried to allocate 2097152 bytes) in /workspaces/_______UX-221-Final-exam____/.wordpress/wp-includes/Requests/src/Cookie/Jar.php on line 32
[14-Apr-2026 00:22:23 UTC] PHP Fatal error:  Out of memory (allocated 29360128 bytes) (tried to allocate 2097152 bytes) in /workspaces/_______UX-221-Final-exam____/.wordpress/wp-content/plugins/ecommerce-product-catalog/includes/class-ic-sitewide-bar.php on line 305
[14-Apr-2026 00:22:23 UTC] PHP Fatal error:  Out of memory (allocated 29360128 bytes) (tried to allocate 2097152 bytes) in /workspaces/_______UX-221-Final-exam____/.wordpress/wp-includes/Requests/src/Cookie/Jar.php on line 32
[14-Apr-2026 02:05:29 UTC] PHP Fatal error:  Out of memory (allocated 37748736 bytes) (tried to allocate 2097152 bytes) in /workspaces/_______UX-221-Final-exam____/.wordpress/wp-content/plugins/ecommerce-product-catalog/includes/class-ic-sitewide-bar.php on line 318
[14-Apr-2026 02:05:29 UTC] PHP Fatal error:  Out of memory (allocated 37748736 bytes) (tried to allocate 2097152 bytes) in /workspaces/_______UX-221-Final-exam____/.wordpress/wp-includes/Requests/src/Cookie/Jar.php on line 32
[14-Apr-2026 02:05:37 UTC] PHP Fatal error:  Out of memory (allocated 33554432 bytes) (tried to allocate 2097152 bytes) in /workspaces/_______UX-221-Final-exam____/.wordpress/wp-content/plugins/ecommerce-product-catalog/includes/blocks/index.php on line 37
[14-Apr-2026 02:05:37 UTC] PHP Fatal error:  Out of memory (allocated 33554432 bytes) (tried to allocate 2097152 bytes) in /workspaces/_______UX-221-Final-exam____/.wordpress/wp-includes/Requests/src/Cookie/Jar.php on line 32
[14-Apr-2026 02:05:39 UTC] PHP Fatal error:  Out of memory (allocated 31457280 bytes) (tried to allocate 2097152 bytes) in /workspaces/_______UX-221-Final-exam____/.wordpress/wp-content/plugins/ecommerce-product-catalog/includes/class-ic-sitewide-bar.php on line 318
[14-Apr-2026 02:05:39 UTC] PHP Fatal error:  Out of memory (allocated 31457280 bytes) (tried to allocate 2097152 bytes) in /workspaces/_______UX-221-Final-exam____/.wordpress/wp-includes/Requests/src/Cookie/Jar.php on line 32
[14-Apr-2026 02:05:47 UTC] PHP Fatal error:  Out of memory (allocated 29360128 bytes) (tried to allocate 2097152 bytes) in /workspaces/_______UX-221-Final-exam____/.wordpress/wp-content/plugins/ecommerce-product-catalog/includes/class-ic-sitewide-bar.php on line 318
[14-Apr-2026 02:05:47 UTC] PHP Fatal error:  Out of memory (allocated 29360128 bytes) (tried to allocate 2097152 bytes) in /workspaces/_______UX-221-Final-exam____/.wordpress/wp-includes/Requests/src/Cookie/Jar.php on line 32
[14-Apr-2026 02:05:49 UTC] PHP Fatal error:  Out of memory (allocated 29360128 bytes) (tried to allocate 2097152 bytes) in /workspaces/_______UX-221-Final-exam____/.wordpress/wp-content/plugins/ecommerce-product-catalog/includes/class-ic-sitewide-bar.php on line 318
[14-Apr-2026 02:05:49 UTC] PHP Fatal error:  Out of memory (allocated 29360128 bytes) (tried to allocate 2097152 bytes) in /workspaces/_______UX-221-Final-exam____/.wordpress/wp-includes/Requests/src/Cookie/Jar.php on line 32
[14-Apr-2026 02:05:54 UTC] PHP Fatal error:  Out of memory (allocated 29360128 bytes) (tried to allocate 2097152 bytes) in /workspaces/_______UX-221-Final-exam____/.wordpress/wp-content/plugins/ecommerce-product-catalog/includes/blocks/index.php on line 37
[14-Apr-2026 02:05:54 UTC] PHP Fatal error:  Out of memory (allocated 29360128 bytes) (tried to allocate 2097152 bytes) in /workspaces/_______UX-221-Final-exam____/.wordpress/wp-includes/Requests/src/Cookie/Jar.php on line 32
[14-Apr-2026 02:05:57 UTC] PHP Fatal error:  Out of memory (allocated 29360128 bytes) (tried to allocate 2097152 bytes) in /workspaces/_______UX-221-Final-exam____/.wordpress/wp-content/plugins/ecommerce-product-catalog/includes/class-ic-sitewide-bar.php on line 318
[14-Apr-2026 02:05:57 UTC] PHP Fatal error:  Out of memory (allocated 29360128 bytes) (tried to allocate 2097152 bytes) in /workspaces/_______UX-221-Final-exam____/.wordpress/wp-includes/Requests/src/Cookie/Jar.php on line 32
[14-Apr-2026 02:05:59 UTC] PHP Fatal error:  Out of memory (allocated 29360128 bytes) (tried to allocate 2097152 bytes) in /workspaces/_______UX-221-Final-exam____/.wordpress/wp-content/plugins/ecommerce-product-catalog/includes/blocks/index.php on line 37
[14-Apr-2026 02:05:59 UTC] PHP Fatal error:  Out of memory (allocated 29360128 bytes) (tried to allocate 2097152 bytes) in /workspaces/_______UX-221-Final-exam____/.wordpress/wp-includes/Requests/src/Cookie/Jar.php on line 32
[14-Apr-2026 02:05:59 UTC] PHP Fatal error:  Out of memory (allocated 29360128 bytes) (tried to allocate 2097152 bytes) in /workspaces/_______UX-221-Final-exam____/.wordpress/wp-content/plugins/ecommerce-product-catalog/includes/class-ic-sitewide-bar.php on line 318
[14-Apr-2026 02:05:59 UTC] PHP Fatal error:  Out of memory (allocated 29360128 bytes) (tried to allocate 2097152 bytes) in /workspaces/_______UX-221-Final-exam____/.wordpress/wp-includes/Requests/src/Cookie/Jar.php on line 32
[14-Apr-2026 02:06:00 UTC] PHP Fatal error:  Out of memory (allocated 29360128 bytes) (tried to allocate 2097152 bytes) in /workspaces/_______UX-221-Final-exam____/.wordpress/wp-content/plugins/ecommerce-product-catalog/includes/class-ic-sitewide-bar.php on line 318
[14-Apr-2026 02:06:00 UTC] PHP Fatal error:  Out of memory (allocated 29360128 bytes) (tried to allocate 2097152 bytes) in /workspaces/_______UX-221-Final-exam____/.wordpress/wp-includes/Requests/src/Cookie/Jar.php on line 32
[14-Apr-2026 02:06:02 UTC] PHP Fatal error:  Out of memory (allocated 29360128 bytes) (tried to allocate 2097152 bytes) in /workspaces/_______UX-221-Final-exam____/.wordpress/wp-content/plugins/ecommerce-product-catalog/includes/blocks/index.php on line 37
[14-Apr-2026 02:06:02 UTC] PHP Fatal error:  Out of memory (allocated 29360128 bytes) (tried to allocate 2097152 bytes) in /workspaces/_______UX-221-Final-exam____/.wordpress/wp-includes/Requests/src/Cookie/Jar.php on line 32
[14-Apr-2026 02:06:05 UTC] PHP Fatal error:  Out of memory (allocated 29360128 bytes) (tried to allocate 2097152 bytes) in /workspaces/_______UX-221-Final-exam____/.wordpress/wp-content/plugins/ecommerce-product-catalog/includes/class-ic-sitewide-bar.php on line 318
[14-Apr-2026 02:06:05 UTC] PHP Fatal error:  Out of memory (allocated 29360128 bytes) (tried to allocate 2097152 bytes) in /workspaces/_______UX-221-Final-exam____/.wordpress/wp-includes/Requests/src/Cookie/Jar.php on line 32
[14-Apr-2026 02:06:07 UTC] PHP Fatal error:  Out of memory (allocated 29360128 bytes) (tried to allocate 2097152 bytes) in /workspaces/_______UX-221-Final-exam____/.wordpress/wp-content/plugins/ecommerce-product-catalog/includes/customizer.php on line 31
[14-Apr-2026 02:06:07 UTC] PHP Fatal error:  Out of memory (allocated 29360128 bytes) (tried to allocate 2097152 bytes) in /workspaces/_______UX-221-Final-exam____/.wordpress/wp-includes/Requests/src/Cookie/Jar.php on line 32
[14-Apr-2026 02:06:09 UTC] PHP Fatal error:  Out of memory (allocated 29360128 bytes) (tried to allocate 2097152 bytes) in /workspaces/_______UX-221-Final-exam____/.wordpress/wp-content/plugins/ecommerce-product-catalog/includes/class-ic-sitewide-bar.php on line 318
[14-Apr-2026 02:06:09 UTC] PHP Fatal error:  Out of memory (allocated 29360128 bytes) (tried to allocate 2097152 bytes) in /workspaces/_______UX-221-Final-exam____/.wordpress/wp-includes/Requests/src/Cookie/Jar.php on line 32
